[
  {
    "line": 1,
    "elements": [
      {
        "line": 16,
        "name": "Customer place an order by purchasing an item from search",
        "description": "",
        "id": "automated-end2end-tests;customer-place-an-order-by-purchasing-an-item-from-search;;2",
        "type": "scenario",
        "keyword": "Scenario Outline",
        "steps": [
          {
            "result": {
              "duration": 7261762467,
              "status": "passed"
            },
            "line": 6,
            "name": "user is on Home Page",
            "match": {
              "location": "NativeConstructorAccessorImpl.java:-2"
            },
            "keyword": "Given "
          },
          {
            "result": {
              "duration": 17997125571,
              "status": "passed"
            },
            "line": 7,
            "name": "he search for \"dress\"",
            "match": {
              "arguments": [
                {
                  "val": "dress",
                  "offset": 15
                }
              ],
              "location": "NativeConstructorAccessorImpl.java:-2"
            },
            "keyword": "When "
          },
          {
            "result": {
              "error_message": "UIAssertionError TimeoutException: Expected condition failed: waiting for window to be available by index: 2 (tried for 4 second(s) with 100 milliseconds interval)\nBuild info: version: \u00273.13.0\u0027, revision: \u00272f0d292\u0027, time: \u00272018-06-25T15:24:21.231Z\u0027\nSystem info: host: \u0027s4n-ThinkPad-E470\u0027, ip: \u0027127.0.1.1\u0027, os.name: \u0027Linux\u0027, os.arch: \u0027amd64\u0027, os.version: \u00274.13.0-46-generic\u0027, java.version: \u00271.8.0_171\u0027\nDriver info: driver.version: unknown\nScreenshot: file:/home/s4n/TestAutomation/build/reports/tests/1531863926421.0.png\nPage source: file:/home/s4n/TestAutomation/build/reports/tests/1531863926421.0.html\nTimeout: 4 s.\nCaused by: TimeoutException: Expected condition failed: waiting for window to be available by index: 2 (tried for 4 second(s) with 100 milliseconds interval)\n\tat com.codeborne.selenide.ex.UIAssertionError.wrapThrowable(UIAssertionError.java:67)\n\tat com.codeborne.selenide.SelenideTargetLocator.window(SelenideTargetLocator.java:159)\n\tat Selenide.CustomerSteps.lambda$new$2(CustomerSteps.java:35)\n\tat sun.reflect.NativeMethodAccessorImpl.invoke0(Native Method)\n\tat sun.reflect.NativeMethodAccessorImpl.invoke(NativeMethodAccessorImpl.java:62)\n\tat sun.reflect.DelegatingMethodAccessorImpl.invoke(DelegatingMethodAccessorImpl.java:43)\n\tat java.lang.reflect.Method.invoke(Method.java:498)\n\tat cucumber.runtime.Utils$1.call(Utils.java:40)\n\tat cucumber.runtime.Timeout.timeout(Timeout.java:16)\n\tat cucumber.runtime.Utils.invoke(Utils.java:34)\n\tat cucumber.runtime.java8.Java8StepDefinition.execute(Java8StepDefinition.java:106)\n\tat cucumber.runtime.StepDefinitionMatch.runStep(StepDefinitionMatch.java:40)\n\tat cucumber.api.TestStep.executeStep(TestStep.java:78)\n\tat cucumber.api.TestStep.run(TestStep.java:61)\n\tat cucumber.api.TestCase.run(TestCase.java:28)\n\tat cucumber.runner.Runner.runPickle(Runner.java:80)\n\tat cucumber.runtime.junit.PickleRunners$NoStepDescriptions.run(PickleRunners.java:140)\n\tat cucumber.runtime.junit.FeatureRunner.runChild(FeatureRunner.java:68)\n\tat cucumber.runtime.junit.FeatureRunner.runChild(FeatureRunner.java:23)\n\tat org.junit.runners.ParentRunner$3.run(ParentRunner.java:290)\n\tat org.junit.runners.ParentRunner$1.schedule(ParentRunner.java:71)\n\tat org.junit.runners.ParentRunner.runChildren(ParentRunner.java:288)\n\tat org.junit.runners.ParentRunner.access$000(ParentRunner.java:58)\n\tat org.junit.runners.ParentRunner$2.evaluate(ParentRunner.java:268)\n\tat org.junit.runners.ParentRunner.run(ParentRunner.java:363)\n\tat cucumber.runtime.junit.FeatureRunner.run(FeatureRunner.java:73)\n\tat cucumber.api.junit.Cucumber.runChild(Cucumber.java:99)\n\tat cucumber.api.junit.Cucumber.runChild(Cucumber.java:41)\n\tat org.junit.runners.ParentRunner$3.run(ParentRunner.java:290)\n\tat org.junit.runners.ParentRunner$1.schedule(ParentRunner.java:71)\n\tat org.junit.runners.ParentRunner.runChildren(ParentRunner.java:288)\n\tat org.junit.runners.ParentRunner.access$000(ParentRunner.java:58)\n\tat org.junit.runners.ParentRunner$2.evaluate(ParentRunner.java:268)\n\tat cucumber.api.junit.Cucumber$1.evaluate(Cucumber.java:108)\n\tat org.junit.runners.ParentRunner.run(ParentRunner.java:363)\n\tat org.junit.runner.JUnitCore.run(JUnitCore.java:137)\n\tat com.intellij.junit4.JUnit4IdeaTestRunner.startRunnerWithArgs(JUnit4IdeaTestRunner.java:68)\n\tat com.intellij.rt.execution.junit.IdeaTestRunner$Repeater.startRunnerWithArgs(IdeaTestRunner.java:47)\n\tat com.intellij.rt.execution.junit.JUnitStarter.prepareStreamsAndStart(JUnitStarter.java:242)\n\tat com.intellij.rt.execution.junit.JUnitStarter.main(JUnitStarter.java:70)\n\tat âœ½.choose to buy the first item(./src/test/resources/features/Customer.feature:8)\nCaused by: org.openqa.selenium.TimeoutException: Expected condition failed: waiting for window to be available by index: 2 (tried for 4 second(s) with 100 milliseconds interval)\nBuild info: version: \u00273.13.0\u0027, revision: \u00272f0d292\u0027, time: \u00272018-06-25T15:24:21.231Z\u0027\nSystem info: host: \u0027s4n-ThinkPad-E470\u0027, ip: \u0027127.0.1.1\u0027, os.name: \u0027Linux\u0027, os.arch: \u0027amd64\u0027, os.version: \u00274.13.0-46-generic\u0027, java.version: \u00271.8.0_171\u0027\nDriver info: driver.version: unknown\n\tat org.openqa.selenium.support.ui.FluentWait.timeoutException(FluentWait.java:303)\n\tat org.openqa.selenium.support.ui.FluentWait.until(FluentWait.java:271)\n\tat com.codeborne.selenide.SelenideTargetLocator.window(SelenideTargetLocator.java:156)\n\tat Selenide.CustomerSteps.lambda$new$2(CustomerSteps.java:35)\n\tat sun.reflect.NativeMethodAccessorImpl.invoke0(Native Method)\n\tat sun.reflect.NativeMethodAccessorImpl.invoke(NativeMethodAccessorImpl.java:62)\n\tat sun.reflect.DelegatingMethodAccessorImpl.invoke(DelegatingMethodAccessorImpl.java:43)\n\tat java.lang.reflect.Method.invoke(Method.java:498)\n\tat cucumber.runtime.Utils$1.call(Utils.java:40)\n\tat cucumber.runtime.Timeout.timeout(Timeout.java:16)\n\tat cucumber.runtime.Utils.invoke(Utils.java:34)\n\tat cucumber.runtime.java8.Java8StepDefinition.execute(Java8StepDefinition.java:106)\n\tat cucumber.runtime.StepDefinitionMatch.runStep(StepDefinitionMatch.java:40)\n\tat cucumber.api.TestStep.executeStep(TestStep.java:78)\n\tat cucumber.api.TestStep.run(TestStep.java:61)\n\tat cucumber.api.TestCase.run(TestCase.java:28)\n\tat cucumber.runner.Runner.runPickle(Runner.java:80)\n\tat cucumber.runtime.junit.PickleRunners$NoStepDescriptions.run(PickleRunners.java:140)\n\tat cucumber.runtime.junit.FeatureRunner.runChild(FeatureRunner.java:68)\n\tat cucumber.runtime.junit.FeatureRunner.runChild(FeatureRunner.java:23)\n\tat org.junit.runners.ParentRunner$3.run(ParentRunner.java:290)\n\tat org.junit.runners.ParentRunner$1.schedule(ParentRunner.java:71)\n\tat org.junit.runners.ParentRunner.runChildren(ParentRunner.java:288)\n\tat org.junit.runners.ParentRunner.access$000(ParentRunner.java:58)\n\tat org.junit.runners.ParentRunner$2.evaluate(ParentRunner.java:268)\n\tat org.junit.runners.ParentRunner.run(ParentRunner.java:363)\n\tat cucumber.runtime.junit.FeatureRunner.run(FeatureRunner.java:73)\n\tat cucumber.api.junit.Cucumber.runChild(Cucumber.java:99)\n\tat cucumber.api.junit.Cucumber.runChild(Cucumber.java:41)\n\tat org.junit.runners.ParentRunner$3.run(ParentRunner.java:290)\n\tat org.junit.runners.ParentRunner$1.schedule(ParentRunner.java:71)\n\tat org.junit.runners.ParentRunner.runChildren(ParentRunner.java:288)\n\tat org.junit.runners.ParentRunner.access$000(ParentRunner.java:58)\n\tat org.junit.runners.ParentRunner$2.evaluate(ParentRunner.java:268)\n\tat cucumber.api.junit.Cucumber$1.evaluate(Cucumber.java:108)\n\tat org.junit.runners.ParentRunner.run(ParentRunner.java:363)\n\tat org.junit.runner.JUnitCore.run(JUnitCore.java:137)\n\tat com.intellij.junit4.JUnit4IdeaTestRunner.startRunnerWithArgs(JUnit4IdeaTestRunner.java:68)\n\tat com.intellij.rt.execution.junit.IdeaTestRunner$Repeater.startRunnerWithArgs(IdeaTestRunner.java:47)\n\tat com.intellij.rt.execution.junit.JUnitStarter.prepareStreamsAndStart(JUnitStarter.java:242)\n\tat com.intellij.rt.execution.junit.JUnitStarter.main(JUnitStarter.java:70)\n",
              "duration": 6177104656,
              "status": "failed"
            },
            "line": 8,
            "name": "choose to buy the first item",
            "match": {
              "location": "NativeConstructorAccessorImpl.java:-2"
            },
            "keyword": "And "
          },
          {
            "result": {
              "status": "skipped"
            },
            "line": 9,
            "name": "moves to checkout from mini cart",
            "match": {
              "location": "NativeConstructorAccessorImpl.java:-2"
            },
            "keyword": "And "
          },
          {
            "result": {
              "status": "skipped"
            },
            "line": 10,
            "name": "enter \"Lakshay\" personal details on checkout page",
            "match": {
              "arguments": [
                {
                  "val": "Lakshay",
                  "offset": 7
                }
              ],
              "location": "NativeConstructorAccessorImpl.java:-2"
            },
            "keyword": "And "
          },
          {
            "result": {
              "status": "skipped"
            },
            "line": 11,
            "name": "select same delivery address",
            "match": {
              "location": "NativeConstructorAccessorImpl.java:-2"
            },
            "keyword": "And "
          },
          {
            "result": {
              "status": "skipped"
            },
            "line": 12,
            "name": "select payment method as \"check\" payment",
            "match": {
              "arguments": [
                {
                  "val": "check",
                  "offset": 26
                }
              ],
              "location": "NativeConstructorAccessorImpl.java:-2"
            },
            "keyword": "And "
          },
          {
            "result": {
              "status": "skipped"
            },
            "line": 13,
            "name": "place the order",
            "match": {
              "location": "NativeConstructorAccessorImpl.java:-2"
            },
            "keyword": "And "
          }
        ],
        "tags": [
          {
            "name": "@Customer"
          }
        ]
      }
    ],
    "name": "Automated End2End Tests",
    "description": "  Description: The purpose of this feature is to test End 2 End integration.",
    "id": "automated-end2end-tests",
    "keyword": "Feature",
    "uri": "./src/test/resources/features/Customer.feature"
  }
]